This is pdfTeX, Version 3.141592653-2.6-1.40.22 (MiKTeX 21.2) (preloaded format=pdflatex 2021.3.10)  7 MAY 2021 16:54
entering extended mode
**"./Code Explanation.tex"
(Code Explanation.tex
LaTeX2e <2020-10-01> patch level 4
L3 programming layer <2021-02-18> xparse <2020-03-03>
(C:\Users\alexn\AppData\Local\Programs\MiKTeX\tex/latex/base\article.cls
Document Class: article 2020/04/10 v1.4m Standard LaTeX document class
(C:\Users\alexn\AppData\Local\Programs\MiKTeX\tex/latex/base\size10.clo
File: size10.clo 2020/04/10 v1.4m Standard LaTeX file (size option)
)
\c@part=\count179
\c@section=\count180
\c@subsection=\count181
\c@subsubsection=\count182
\c@paragraph=\count183
\c@subparagraph=\count184
\c@figure=\count185
\c@table=\count186
\abovecaptionskip=\skip47
\belowcaptionskip=\skip48
\bibindent=\dimen138
)
(C:\Users\alexn\AppData\Local\Programs\MiKTeX\tex/latex/geometry\geometry.sty
Package: geometry 2020/01/02 v5.9 Page Geometry

(C:\Users\alexn\AppData\Local\Programs\MiKTeX\tex/latex/graphics\keyval.sty
Package: keyval 2014/10/28 v1.15 key=value parser (DPC)
\KV@toks@=\toks15
)
(C:\Users\alexn\AppData\Local\Programs\MiKTeX\tex/generic/iftex\ifvtex.sty
Package: ifvtex 2019/10/25 v1.7 ifvtex legacy package. Use iftex instead.

(C:\Users\alexn\AppData\Local\Programs\MiKTeX\tex/generic/iftex\iftex.sty
Package: iftex 2020/03/06 v1.0d TeX engine tests
))
\Gm@cnth=\count187
\Gm@cntv=\count188
\c@Gm@tempcnt=\count189
\Gm@bindingoffset=\dimen139
\Gm@wd@mp=\dimen140
\Gm@odd@mp=\dimen141
\Gm@even@mp=\dimen142
\Gm@layoutwidth=\dimen143
\Gm@layoutheight=\dimen144
\Gm@layouthoffset=\dimen145
\Gm@layoutvoffset=\dimen146
\Gm@dimlist=\toks16

(C:\Users\alexn\AppData\Local\Programs\MiKTeX\tex/latex/geometry\geometry.cfg))
(C:\Users\alexn\AppData\Local\Programs\MiKTeX\tex/latex/listings\listings.sty
\lst@mode=\count190
\lst@gtempboxa=\box47
\lst@token=\toks17
\lst@length=\count191
\lst@currlwidth=\dimen147
\lst@column=\count192
\lst@pos=\count193
\lst@lostspace=\dimen148
\lst@width=\dimen149
\lst@newlines=\count194
\lst@lineno=\count195
\lst@maxwidth=\dimen150

(C:\Users\alexn\AppData\Local\Programs\MiKTeX\tex/latex/listings\lstmisc.sty
File: lstmisc.sty 2020/03/24 1.8d (Carsten Heinz)
\c@lstnumber=\count196
\lst@skipnumbers=\count197
\lst@framebox=\box48
)
(C:\Users\alexn\AppData\Local\Programs\MiKTeX\tex/latex/listings\listings.cfg
File: listings.cfg 2020/03/24 1.8d listings configuration
))
Package: listings 2020/03/24 1.8d (Carsten Heinz)
(C:\Users\alexn\AppData\Local\Programs\MiKTeX\tex/latex/hyperref\hyperref.sty
Package: hyperref 2021-02-10 v7.00j Hypertext links for LaTeX

(C:\Users\alexn\AppData\Local\Programs\MiKTeX\tex/generic/ltxcmds\ltxcmds.sty
Package: ltxcmds 2020-05-10 v1.25 LaTeX kernel commands for general use (HO)
)
(C:\Users\alexn\AppData\Local\Programs\MiKTeX\tex/generic/pdftexcmds\pdftexcmds
.sty
Package: pdftexcmds 2020-06-27 v0.33 Utility functions of pdfTeX for LuaTeX (HO
)

(C:\Users\alexn\AppData\Local\Programs\MiKTeX\tex/generic/infwarerr\infwarerr.s
ty
Package: infwarerr 2019/12/03 v1.5 Providing info/warning/error messages (HO)
)
Package pdftexcmds Info: \pdf@primitive is available.
Package pdftexcmds Info: \pdf@ifprimitive is available.
Package pdftexcmds Info: \pdfdraftmode found.
)
(C:\Users\alexn\AppData\Local\Programs\MiKTeX\tex/generic/kvsetkeys\kvsetkeys.s
ty
Package: kvsetkeys 2019/12/15 v1.18 Key value parser (HO)
)
(C:\Users\alexn\AppData\Local\Programs\MiKTeX\tex/generic/kvdefinekeys\kvdefine
keys.sty
Package: kvdefinekeys 2019-12-19 v1.6 Define keys (HO)
)
(C:\Users\alexn\AppData\Local\Programs\MiKTeX\tex/generic/pdfescape\pdfescape.s
ty
Package: pdfescape 2019/12/09 v1.15 Implements pdfTeX's escape features (HO)
) (C:\Users\alexn\AppData\Local\Programs\MiKTeX\tex/latex/hycolor\hycolor.sty
Package: hycolor 2020-01-27 v1.10 Color options for hyperref/bookmark (HO)
)
(C:\Users\alexn\AppData\Local\Programs\MiKTeX\tex/latex/letltxmacro\letltxmacro
.sty
Package: letltxmacro 2019/12/03 v1.6 Let assignment for LaTeX macros (HO)
)
(C:\Users\alexn\AppData\Local\Programs\MiKTeX\tex/latex/auxhook\auxhook.sty
Package: auxhook 2019-12-17 v1.6 Hooks for auxiliary files (HO)
)
(C:\Users\alexn\AppData\Local\Programs\MiKTeX\tex/latex/kvoptions\kvoptions.sty
Package: kvoptions 2020-10-07 v3.14 Key value format for package options (HO)
)
\@linkdim=\dimen151
\Hy@linkcounter=\count198
\Hy@pagecounter=\count199
 (C:\Users\alexn\AppData\Local\Programs\MiKTeX\tex/latex/hyperref\pd1enc.def
File: pd1enc.def 2021-02-10 v7.00j Hyperref: PDFDocEncoding definition (HO)
Now handling font encoding PD1 ...
... no UTF-8 mapping file for font encoding PD1
)
(C:\Users\alexn\AppData\Local\Programs\MiKTeX\tex/latex/hyperref\hyperref-langp
atches.def
File: hyperref-langpatches.def 2021-02-10 v7.00j Hyperref: patches for babel la
nguages
)
(C:\Users\alexn\AppData\Local\Programs\MiKTeX\tex/generic/intcalc\intcalc.sty
Package: intcalc 2019/12/15 v1.3 Expandable calculations with integers (HO)
)
(C:\Users\alexn\AppData\Local\Programs\MiKTeX\tex/generic/etexcmds\etexcmds.sty
Package: etexcmds 2019/12/15 v1.7 Avoid name clashes with e-TeX commands (HO)
)
\Hy@SavedSpaceFactor=\count266
 (C:\Users\alexn\AppData\Local\Programs\MiKTeX\tex/latex/hyperref\puenc.def
File: puenc.def 2021-02-10 v7.00j Hyperref: PDF Unicode definition (HO)
Now handling font encoding PU ...
... no UTF-8 mapping file for font encoding PU
)
Package hyperref Info: Hyper figures OFF on input line 4192.
Package hyperref Info: Link nesting OFF on input line 4197.
Package hyperref Info: Hyper index ON on input line 4200.
Package hyperref Info: Plain pages OFF on input line 4207.
Package hyperref Info: Backreferencing OFF on input line 4212.
Package hyperref Info: Implicit mode ON; LaTeX internals redefined.
Package hyperref Info: Bookmarks ON on input line 4445.
\c@Hy@tempcnt=\count267

(C:\Users\alexn\AppData\Local\Programs\MiKTeX\tex/latex/url\url.sty
\Urlmuskip=\muskip16
Package: url 2013/09/16  ver 3.4  Verb mode for urls, etc.
)
LaTeX Info: Redefining \url on input line 4804.
\XeTeXLinkMargin=\dimen152

(C:\Users\alexn\AppData\Local\Programs\MiKTeX\tex/generic/bitset\bitset.sty
Package: bitset 2019/12/09 v1.3 Handle bit-vector datatype (HO)

(C:\Users\alexn\AppData\Local\Programs\MiKTeX\tex/generic/bigintcalc\bigintcalc
.sty
Package: bigintcalc 2019/12/15 v1.5 Expandable calculations on big integers (HO
)
))
\Fld@menulength=\count268
\Field@Width=\dimen153
\Fld@charsize=\dimen154
Package hyperref Info: Hyper figures OFF on input line 6075.
Package hyperref Info: Link nesting OFF on input line 6080.
Package hyperref Info: Hyper index ON on input line 6083.
Package hyperref Info: backreferencing OFF on input line 6090.
Package hyperref Info: Link coloring OFF on input line 6095.
Package hyperref Info: Link coloring with OCG OFF on input line 6100.
Package hyperref Info: PDF/A mode OFF on input line 6105.
LaTeX Info: Redefining \ref on input line 6145.
LaTeX Info: Redefining \pageref on input line 6149.

(C:\Users\alexn\AppData\Local\Programs\MiKTeX\tex/latex/base\atbegshi-ltx.sty
Package: atbegshi-ltx 2020/08/17 v1.0a Emulation of the original atbegshi packa
ge
with kernel methods
)
\Hy@abspage=\count269
\c@Item=\count270
\c@Hfootnote=\count271
)
Package hyperref Info: Driver (autodetected): hpdftex.
(C:\Users\alexn\AppData\Local\Programs\MiKTeX\tex/latex/hyperref\hpdftex.def
File: hpdftex.def 2021-02-10 v7.00j Hyperref driver for pdfTeX

(C:\Users\alexn\AppData\Local\Programs\MiKTeX\tex/latex/base\atveryend-ltx.sty
Package: atveryend-ltx 2020/08/19 v1.0a Emulation of the original atvery packag
e
with kernel methods
)
\Fld@listcount=\count272
\c@bookmark@seq@number=\count273

(C:\Users\alexn\AppData\Local\Programs\MiKTeX\tex/latex/rerunfilecheck\rerunfil
echeck.sty
Package: rerunfilecheck 2019/12/05 v1.9 Rerun checks for auxiliary files (HO)

(C:\Users\alexn\AppData\Local\Programs\MiKTeX\tex/generic/uniquecounter\uniquec
ounter.sty
Package: uniquecounter 2019/12/15 v1.4 Provide unlimited unique counter (HO)
)
Package uniquecounter Info: New unique counter `rerunfilecheck' on input line 2
86.
)
\Hy@SectionHShift=\skip49
)
(C:\Users\alexn\AppData\Local\Programs\MiKTeX\tex/latex/graphics\color.sty
Package: color 2020/02/24 v1.2b Standard LaTeX Color (DPC)

(C:\Users\alexn\AppData\Local\Programs\MiKTeX\tex/latex/graphics-cfg\color.cfg
File: color.cfg 2016/01/02 v1.6 sample color configuration
)
Package color Info: Driver file: pdftex.def on input line 147.

(C:\Users\alexn\AppData\Local\Programs\MiKTeX\tex/latex/graphics-def\pdftex.def
File: pdftex.def 2020/10/05 v1.2a Graphics/color driver for pdftex
))
(C:\Users\alexn\AppData\Local\Programs\MiKTeX\tex/latex/graphics\graphicx.sty
Package: graphicx 2020/09/09 v1.2b Enhanced LaTeX Graphics (DPC,SPQR)

(C:\Users\alexn\AppData\Local\Programs\MiKTeX\tex/latex/graphics\graphics.sty
Package: graphics 2020/08/30 v1.4c Standard LaTeX Graphics (DPC,SPQR)

(C:\Users\alexn\AppData\Local\Programs\MiKTeX\tex/latex/graphics\trig.sty
Package: trig 2016/01/03 v1.10 sin cos tan (DPC)
)
(C:\Users\alexn\AppData\Local\Programs\MiKTeX\tex/latex/graphics-cfg\graphics.c
fg
File: graphics.cfg 2016/06/04 v1.11 sample graphics configuration
)
Package graphics Info: Driver file: pdftex.def on input line 105.
)
\Gin@req@height=\dimen155
\Gin@req@width=\dimen156
)
(C:\Users\alexn\AppData\Local\Programs\MiKTeX\tex/latex/latex-tools\array.sty
Package: array 2020/10/01 v2.5c Tabular extension package (FMi)
\col@sep=\dimen157
\ar@mcellbox=\box49
\extrarowheight=\dimen158
\NC@list=\toks18
\extratabsurround=\skip50
\backup@length=\skip51
\ar@cellbox=\box50
)
(C:\Users\alexn\AppData\Local\Programs\MiKTeX\tex/latex/ragged2e\ragged2e.sty
Package: ragged2e 2021/02/05 v3.0 ragged2e Package

(C:\Users\alexn\AppData\Local\Programs\MiKTeX\tex/latex/everysel\everysel.sty
Package: everysel 2021/01/20 v2.1 EverySelectfont Package (MS)

(C:\Users\alexn\AppData\Local\Programs\MiKTeX\tex/latex/everysel\everysel-2011-
10-28.sty))
\CenteringLeftskip=\skip52
\RaggedLeftLeftskip=\skip53
\RaggedRightLeftskip=\skip54
\CenteringRightskip=\skip55
\RaggedLeftRightskip=\skip56
\RaggedRightRightskip=\skip57
\CenteringParfillskip=\skip58
\RaggedLeftParfillskip=\skip59
\RaggedRightParfillskip=\skip60
\JustifyingParfillskip=\skip61
\CenteringParindent=\skip62
\RaggedLeftParindent=\skip63
\RaggedRightParindent=\skip64
\JustifyingParindent=\skip65
)
(C:\Users\alexn\AppData\Local\Programs\MiKTeX\tex/latex/algorithms\algorithm.st
y
Package: algorithm 2009/08/24 v0.1 Document Style `algorithm' - floating enviro
nment
 (C:\Users\alexn\AppData\Local\Programs\MiKTeX\tex/latex/float\float.sty
Package: float 2001/11/08 v1.3d Float enhancements (AL)
\c@float@type=\count274
\float@exts=\toks19
\float@box=\box51
\@float@everytoks=\toks20
\@floatcapt=\box52
)
(C:\Users\alexn\AppData\Local\Programs\MiKTeX\tex/latex/base\ifthen.sty
Package: ifthen 2014/09/29 v1.1c Standard LaTeX ifthen package (DPC)
)
\@float@every@algorithm=\toks21
\c@algorithm=\count275
)
(C:\Users\alexn\AppData\Local\Programs\MiKTeX\tex/latex/algorithms\algorithmic.
sty
Package: algorithmic 2009/08/24 v0.1 Document Style `algorithmic'
\c@ALC@unique=\count276
\c@ALC@line=\count277
\c@ALC@rem=\count278
\c@ALC@depth=\count279
\ALC@tlm=\skip66
\algorithmicindent=\skip67
)
(C:\Users\alexn\AppData\Local\Programs\MiKTeX\tex/latex/listings\lstlang1.sty
File: lstlang1.sty 2020/03/24 1.8d listings language file
)
(C:\Users\alexn\AppData\Local\Programs\MiKTeX\tex/latex/l3backend\l3backend-pdf
tex.def
File: l3backend-pdftex.def 2021-02-18 L3 backend support: PDF output (pdfTeX)
\l__color_backend_stack_int=\count280
\l__pdf_internal_box=\box53
) (Code Explanation.aux (Code Breakdown by function.aux))
\openout1 = `"Code Explanation.aux"'.

LaTeX Font Info:    Checking defaults for OML/cmm/m/it on input line 42.
LaTeX Font Info:    ... okay on input line 42.
LaTeX Font Info:    Checking defaults for OMS/cmsy/m/n on input line 42.
LaTeX Font Info:    ... okay on input line 42.
LaTeX Font Info:    Checking defaults for OT1/cmr/m/n on input line 42.
LaTeX Font Info:    ... okay on input line 42.
LaTeX Font Info:    Checking defaults for T1/cmr/m/n on input line 42.
LaTeX Font Info:    ... okay on input line 42.
LaTeX Font Info:    Checking defaults for TS1/cmr/m/n on input line 42.
LaTeX Font Info:    ... okay on input line 42.
LaTeX Font Info:    Checking defaults for OMX/cmex/m/n on input line 42.
LaTeX Font Info:    ... okay on input line 42.
LaTeX Font Info:    Checking defaults for U/cmr/m/n on input line 42.
LaTeX Font Info:    ... okay on input line 42.
LaTeX Font Info:    Checking defaults for PD1/pdf/m/n on input line 42.
LaTeX Font Info:    ... okay on input line 42.
LaTeX Font Info:    Checking defaults for PU/pdf/m/n on input line 42.
LaTeX Font Info:    ... okay on input line 42.

*geometry* driver: auto-detecting
*geometry* detected driver: pdftex
*geometry* verbose mode - [ preamble ] result:
* driver: pdftex
* paper: <default>
* layout: <same size as paper>
* layoutoffset:(h,v)=(0.0pt,0.0pt)
* modes: 
* h-part:(L,W,R)=(36.135pt, 542.02501pt, 36.135pt)
* v-part:(T,H,B)=(36.135pt, 722.7pt, 36.135pt)
* \paperwidth=614.295pt
* \paperheight=794.96999pt
* \textwidth=542.02501pt
* \textheight=722.7pt
* \oddsidemargin=-36.135pt
* \evensidemargin=-36.135pt
* \topmargin=-73.135pt
* \headheight=12.0pt
* \headsep=25.0pt
* \topskip=10.0pt
* \footskip=30.0pt
* \marginparwidth=65.0pt
* \marginparsep=11.0pt
* \columnsep=10.0pt
* \skip\footins=9.0pt plus 4.0pt minus 2.0pt
* \hoffset=0.0pt
* \voffset=0.0pt
* \mag=1000
* \@twocolumnfalse
* \@twosidefalse
* \@mparswitchfalse
* \@reversemarginfalse
* (1in=72.27pt=25.4mm, 1cm=28.453pt)

\c@lstlisting=\count281
Package hyperref Info: Link coloring OFF on input line 42.
(C:\Users\alexn\AppData\Local\Programs\MiKTeX\tex/latex/hyperref\nameref.sty
Package: nameref 2021-04-02 v2.47 Cross-referencing by name of section

(C:\Users\alexn\AppData\Local\Programs\MiKTeX\tex/latex/refcount\refcount.sty
Package: refcount 2019/12/15 v3.6 Data extraction from label references (HO)
)
(C:\Users\alexn\AppData\Local\Programs\MiKTeX\tex/generic/gettitlestring\gettit
lestring.sty
Package: gettitlestring 2019/12/15 v1.6 Cleanup title references (HO)
)
\c@section@level=\count282
)
LaTeX Info: Redefining \ref on input line 42.
LaTeX Info: Redefining \pageref on input line 42.
LaTeX Info: Redefining \nameref on input line 42.
 (Code Explanation.out) (Code Explanation.out)
\@outlinefile=\write3
\openout3 = `"Code Explanation.out"'.


(C:\Users\alexn\AppData\Local\Programs\MiKTeX\tex/context/base/mkii\supp-pdf.mk
ii
[Loading MPS to PDF converter (version 2006.09.02).]
\scratchcounter=\count283
\scratchdimen=\dimen159
\scratchbox=\box54
\nofMPsegments=\count284
\nofMParguments=\count285
\everyMPshowfont=\toks22
\MPscratchCnt=\count286
\MPscratchDim=\dimen160
\MPnumerator=\count287
\makeMPintoPDFobject=\count288
\everyMPtoPDFconversion=\toks23
)
(C:\Users\alexn\AppData\Local\Programs\MiKTeX\tex/latex/epstopdf-pkg\epstopdf-b
ase.sty
Package: epstopdf-base 2020-01-24 v2.11 Base part for package epstopdf
Package epstopdf-base Info: Redefining graphics rule for `.eps' on input line 4
85.
) ABD: EverySelectfont initializing macros
LaTeX Info: Redefining \selectfont on input line 42.
LaTeX Font Info:    External font `cmex10' loaded for size
(Font)              <12> on input line 45.
LaTeX Font Info:    External font `cmex10' loaded for size
(Font)              <8> on input line 45.
LaTeX Font Info:    External font `cmex10' loaded for size
(Font)              <6> on input line 45.
 [1

{C:/Users/alexn/AppData/Local/MiKTeX/pdftex/config/pdftex.map}] (Code Explanati
on.tocpdfTeX warning (ext4): destination with the same identifier (name{page.1}
) has been already used, duplicate ignored
<to be read again> 
                   \relax 
l.46 ...}{\numberline {21}main.py}{41}{section.21}
                                                  % [1

])
\tf@toc=\write4
\openout4 = `"Code Explanation.toc"'.

 [2]
Overfull \hbox (3.48323pt too wide) in paragraph at lines 61--81
\OT1/cmr/m/n/12 Research on maze gen-er-a-tion al-go-rithms was done us-ing the
 book "Mazes for Pro-gram-mers", with "Kruskal's
 []


Underfull \hbox (badness 10000) in paragraph at lines 61--81

 []


Underfull \hbox (badness 10000) in paragraph at lines 61--81

 []

[3

]
<example of old maze.png, id=193, 642.4pt x 429.605pt>
File: example of old maze.png Graphic file (type png)
<use example of old maze.png>
Package pdftex.def Info: example of old maze.png  used on input line 96.
(pdftex.def)             Requested size: 192.72148pt x 128.88249pt.
<better example.jpg, id=194, 401.5pt x 307.1475pt>
File: better example.jpg Graphic file (type jpg)
<use better example.jpg>
Package pdftex.def Info: better example.jpg  used on input line 107.
(pdftex.def)             Requested size: 192.7178pt x 147.42912pt.
<pacman.jpeg, id=195, 1686.3pt x 1053.9375pt>
File: pacman.jpeg Graphic file (type jpg)
<use pacman.jpeg>
Package pdftex.def Info: pacman.jpeg  used on input line 118.
(pdftex.def)             Requested size: 193.93329pt x 121.2083pt.
<monster maze.png, id=196, 256.96pt x 192.72pt>
File: monster maze.png Graphic file (type png)
<use monster maze.png>
Package pdftex.def Info: monster maze.png  used on input line 128.
(pdftex.def)             Requested size: 195.2877pt x 146.46576pt.

Underfull \hbox (badness 10000) in paragraph at lines 95--137
$[]$ $[]$
 []


Underfull \hbox (badness 10000) in paragraph at lines 95--137

 []


Underfull \hbox (badness 10000) in paragraph at lines 95--137

 []


Underfull \hbox (badness 10000) in paragraph at lines 95--137
[]$ $[]$
 []


Underfull \hbox (badness 10000) in paragraph at lines 95--137

 []


Underfull \hbox (badness 10000) in paragraph at lines 95--137

 []


Underfull \hbox (badness 10000) in paragraph at lines 95--137
[]$ $[]$
 []


Underfull \hbox (badness 10000) in paragraph at lines 95--137

 []


Underfull \hbox (badness 10000) in paragraph at lines 95--137

 []


Underfull \hbox (badness 10000) in paragraph at lines 95--137
[]$ $[]$
 []


Underfull \hbox (badness 10000) in paragraph at lines 95--137

 []


Underfull \hbox (badness 10000) in paragraph at lines 95--137

 []

[4

 <./example of old maze.png> <./better example.jpg> <./pacman.jpeg> <./monster 
maze.png>] [5

]
<Code Organization Diagram.png, id=219, 1084.05pt x 624.08156pt>
File: Code Organization Diagram.png Graphic file (type png)
<use Code Organization Diagram.png>
Package pdftex.def Info: Code Organization Diagram.png  used on input line 179.

(pdftex.def)             Requested size: 542.02368pt x 312.04001pt.
 [6

 <./Code Organization Diagram.png>]
<Users Table.png, id=228, 397.485pt x 108.405pt>
File: Users Table.png Graphic file (type png)
<use Users Table.png>
Package pdftex.def Info: Users Table.png  used on input line 194.
(pdftex.def)             Requested size: 397.48402pt x 108.40472pt.
<completedLevels Table.png, id=229, 397.485pt x 144.54pt>
File: completedLevels Table.png Graphic file (type png)
<use completedLevels Table.png>
Package pdftex.def Info: completedLevels Table.png  used on input line 196.
(pdftex.def)             Requested size: 397.48402pt x 144.53963pt.

Underfull \hbox (badness 10000) in paragraph at lines 194--202
[]
 []


Underfull \hbox (badness 10000) in paragraph at lines 194--202
[]
 []

<Database E-R Diagram.png, id=230, 280.1667pt x 81.4242pt>
File: Database E-R Diagram.png Graphic file (type png)
<use Database E-R Diagram.png>
Package pdftex.def Info: Database E-R Diagram.png  used on input line 205.
(pdftex.def)             Requested size: 280.16602pt x 81.424pt.
[7

 <./Users Table.png> <./completedLevels Table.png> <./Database E-R Diagram.png>
]
<Window Class.png, id=237, 307.1475pt x 307.6293pt>
File: Window Class.png Graphic file (type png)
<use Window Class.png>
Package pdftex.def Info: Window Class.png  used on input line 216.
(pdftex.def)             Requested size: 307.14674pt x 307.62854pt.
<Layer Class.png, id=238, 307.1475pt x 188.3838pt>
File: Layer Class.png Graphic file (type png)
<use Layer Class.png>
Package pdftex.def Info: Layer Class.png  used on input line 220.
(pdftex.def)             Requested size: 307.14674pt x 188.38333pt.
 [8

 <./Window Class.png> <./Layer Class.png>]
<Kruskals.png, id=245, 582.7371pt x 515.0442pt>
File: Kruskals.png Graphic file (type png)
<use Kruskals.png>
Package pdftex.def Info: Kruskals.png  used on input line 230.
(pdftex.def)             Requested size: 565.25432pt x 499.59229pt.

Overfull \hbox (23.22931pt too wide) in paragraph at lines 230--231
 [] 
 []

[9

 <./Kruskals.png>]
Package hyperref Info: bookmark level for unknown algorithm defaults to 0 on in
put line 241.
LaTeX Font Info:    External font `cmex10' loaded for size
(Font)              <7> on input line 246.
LaTeX Font Info:    External font `cmex10' loaded for size
(Font)              <5> on input line 246.
 [10

]
<Maze Cell Diagram.png, id=292, 792.71156pt x 424.58624pt>
File: Maze Cell Diagram.png Graphic file (type png)
<use Maze Cell Diagram.png>
Package pdftex.def Info: Maze Cell Diagram.png  used on input line 298.
(pdftex.def)             Requested size: 396.35481pt x 212.2926pt.
 [11

 <./Maze Cell Diagram.png>]
<Start Screen.png, id=300, 578.16pt x 397.485pt>
File: Start Screen.png Graphic file (type png)
<use Start Screen.png>
Package pdftex.def Info: Start Screen.png  used on input line 314.
(pdftex.def)             Requested size: 404.70924pt x 278.2376pt.
<User Select Screen.png, id=301, 578.16pt x 397.485pt>
File: User Select Screen.png Graphic file (type png)
<use User Select Screen.png>
Package pdftex.def Info: User Select Screen.png  used on input line 321.
(pdftex.def)             Requested size: 404.70924pt x 278.2376pt.
<New User Screen.png, id=302, 578.16pt x 397.485pt>
File: New User Screen.png Graphic file (type png)
<use New User Screen.png>
Package pdftex.def Info: New User Screen.png  used on input line 329.
(pdftex.def)             Requested size: 404.70924pt x 278.2376pt.
 [12

 <./Start Screen.png> <./User Select Screen.png>]
<Maze Select Screen.png, id=310, 578.16pt x 397.485pt>
File: Maze Select Screen.png Graphic file (type png)
<use Maze Select Screen.png>
Package pdftex.def Info: Maze Select Screen.png  used on input line 337.
(pdftex.def)             Requested size: 404.70924pt x 278.2376pt.
 [13 <./New User Screen.png> <./Maze Select Screen.png>]
<Maze Level Select.png, id=316, 578.16pt x 397.485pt>
File: Maze Level Select.png Graphic file (type png)
<use Maze Level Select.png>
Package pdftex.def Info: Maze Level Select.png  used on input line 347.
(pdftex.def)             Requested size: 404.70924pt x 278.2376pt.
<Custom Maze Screen.png, id=317, 578.16pt x 397.485pt>
File: Custom Maze Screen.png Graphic file (type png)
<use Custom Maze Screen.png>
Package pdftex.def Info: Custom Maze Screen.png  used on input line 354.
(pdftex.def)             Requested size: 404.70924pt x 278.2376pt.
 [14

 <./Maze Level Select.png> <./Custom Maze Screen.png>]
<Loading Screen.png, id=322, 578.16pt x 397.485pt>
File: Loading Screen.png Graphic file (type png)
<use Loading Screen.png>
Package pdftex.def Info: Loading Screen.png  used on input line 363.
(pdftex.def)             Requested size: 404.70924pt x 278.2376pt.
<Maze Screen.png, id=323, 578.16pt x 397.485pt>
File: Maze Screen.png Graphic file (type png)
<use Maze Screen.png>
Package pdftex.def Info: Maze Screen.png  used on input line 371.
(pdftex.def)             Requested size: 404.70924pt x 278.2376pt.
 [15

 <./Loading Screen.png> <./Maze Screen.png>]
<Maze Completed.png, id=330, 578.16pt x 397.485pt>
File: Maze Completed.png Graphic file (type png)
<use Maze Completed.png>
Package pdftex.def Info: Maze Completed.png  used on input line 379.
(pdftex.def)             Requested size: 404.70924pt x 278.2376pt.
 [16

 <./Maze Completed.png>]
\openout2 = `"Code Breakdown by function.aux"'.


(Code Breakdown by function.tex
Overfull \hbox (15.0pt too wide) in paragraph at lines 8--9
[][][][] 
 []

LaTeX Font Info:    Trying to load font information for OMS+cmr on input line 1
4.
(C:\Users\alexn\AppData\Local\Programs\MiKTeX\tex/latex/base\omscmr.fd
File: omscmr.fd 2019/12/16 v2.5j Standard LaTeX font definitions
)
LaTeX Font Info:    Font shape `OMS/cmr/m/n' in size <8> not available
(Font)              Font shape `OMS/cmsy/m/n' tried instead on input line 14.
LaTeX Font Info:    Trying to load font information for OML+cmr on input line 4
1.

(C:\Users\alexn\AppData\Local\Programs\MiKTeX\tex/latex/base\omlcmr.fd
File: omlcmr.fd 2019/12/16 v2.5j Standard LaTeX font definitions
)
LaTeX Font Info:    Font shape `OML/cmr/m/n' in size <8> not available
(Font)              Font shape `OML/cmm/m/it' tried instead on input line 41.

[17


] [18

] [19

]
Overfull \hbox (15.0pt too wide) in paragraph at lines 167--168
[][][][] 
 []

<Database Diagram.png, id=463, 1041.8925pt x 340.27126pt>
File: Database Diagram.png Graphic file (type png)
<use Database Diagram.png>
Package pdftex.def Info: Database Diagram.png  used on input line 198.
(pdftex.def)             Requested size: 520.94498pt x 170.13521pt.
[20

 <./Database Diagram.png>] [21

] [22

]
Overfull \hbox (15.0pt too wide) in paragraph at lines 315--316
[][][][] 
 []

File: Maze Cell Diagram.png Graphic file (type png)
<use Maze Cell Diagram.png>
Package pdftex.def Info: Maze Cell Diagram.png  used on input line 330.
(pdftex.def)             Requested size: 396.35481pt x 212.2926pt.
[23

] [24

] [25

] [26

]
Overfull \hbox (15.0pt too wide) in paragraph at lines 518--519
[][][][] 
 []

[27

] [28] [29]
Overfull \hbox (15.0pt too wide) in paragraph at lines 665--667
[][][][] 
 []


Underfull \hbox (badness 10000) in paragraph at lines 665--667

 []

[30

] [31

] [32

] [33

] [34] [35]) [36

]
Overfull \hbox (2.23631pt too wide) in paragraph at lines 397--397
[]|\OT1/cmr/bx/n/12 Test|  
 []


Overfull \hbox (25.00768pt too wide) in paragraph at lines 395--403
[] 
 []


Underfull \hbox (badness 10000) in paragraph at lines 395--403

 []

<Error - Username.png, id=1181, 735.49782pt x 151.3153pt>
File: Error - Username.png Graphic file (type png)
<use Error - Username.png>
Package pdftex.def Info: Error - Username.png  used on input line 405.
(pdftex.def)             Requested size: 441.3021pt x 90.78987pt.
<Error - Username 2.png, id=1182, 1116.17pt x 100.375pt>
File: Error - Username 2.png Graphic file (type png)
<use Error - Username 2.png>
Package pdftex.def Info: Error - Username 2.png  used on input line 414.
(pdftex.def)             Requested size: 446.4601pt x 40.14928pt.

Overfull \hbox (25.00768pt too wide) in paragraph at lines 422--430
[] 
 []


Underfull \hbox (badness 10000) in paragraph at lines 422--430

 []

<Error - Maze.png, id=1183, 143.03438pt x 15.80907pt>
File: Error - Maze.png Graphic file (type png)
<use Error - Maze.png>
Package pdftex.def Info: Error - Maze.png  used on input line 432.
(pdftex.def)             Requested size: 143.03401pt x 15.809pt.
<Error - Maze 2.png, id=1184, 1449.415pt x 115.43124pt>
File: Error - Maze 2.png Graphic file (type png)
<use Error - Maze 2.png>
Package pdftex.def Info: Error - Maze 2.png  used on input line 441.
(pdftex.def)             Requested size: 434.82785pt x 34.62962pt.
<Error - Maze 3.png, id=1185, 130.98938pt x 11.29219pt>
File: Error - Maze 3.png Graphic file (type png)
<use Error - Maze 3.png>
Package pdftex.def Info: Error - Maze 3.png  used on input line 450.
(pdftex.def)             Requested size: 130.98904pt x 11.29214pt.
[37



 <./Error - Username.png> <./Error - Username 2.png> <./Error - Maze.png> <./Er
ror - Maze 2.png> <./Error - Maze 3.png>]
Overfull \hbox (6.10945pt too wide) in paragraph at lines 461--486
[] 
 []

[38

] [39

] [40

]
Overfull \hbox (15.0pt too wide) in paragraph at lines 527--528
[][][][] 
 []

[41


] [42] [43]
Overfull \hbox (15.0pt too wide) in paragraph at lines 708--709
[][][][] 
 []

[44

] [45]
Overfull \hbox (15.0pt too wide) in paragraph at lines 822--823
[][][][] 
 []

[46

] [47] [48]
Overfull \hbox (15.0pt too wide) in paragraph at lines 988--989
[][][][] 
 []

[49

] [50]
Overfull \hbox (15.0pt too wide) in paragraph at lines 1097--1099
[][][][] 
 []


Underfull \hbox (badness 10000) in paragraph at lines 1097--1099

 []

[51

] [52] [53] [54] [55] [56

] (Code Explanation.aux
(Code Breakdown by function.aux))
Package rerunfilecheck Info: File `"Code Explanation".out' has not changed.
(rerunfilecheck)             Checksum: 8D8EB9C2F371BB29B4DEF72D791D2E55;4737.
 ) 
Here is how much of TeX's memory you used:
 12826 strings out of 479334
 191112 string characters out of 2857084
 1320173 words of memory out of 3000000
 28368 multiletter control sequences out of 15000+200000
 409182 words of font info for 46 fonts, out of 3000000 for 9000
 1141 hyphenation exceptions out of 8191
 71i,9n,74p,1019b,1843s stack positions out of 5000i,500n,10000p,200000b,50000s
 <C:\Users\alexn\AppData\Local\MiKTeX\fonts/pk/ljfour/jknappen/ec/dpi600\tcrm
0800.pk> <C:\Users\alexn\AppData\Local\MiKTeX\fonts/pk/ljfour/jknappen/ec/dpi60
0\tcrm1200.pk><C:/Users/alexn/AppData/Local/Programs/MiKTeX/fonts/type1/public/
amsfonts/cm/cmbx10.pfb><C:/Users/alexn/AppData/Local/Programs/MiKTeX/fonts/type
1/public/amsfonts/cm/cmbx12.pfb><C:/Users/alexn/AppData/Local/Programs/MiKTeX/f
onts/type1/public/amsfonts/cm/cmmi10.pfb><C:/Users/alexn/AppData/Local/Programs
/MiKTeX/fonts/type1/public/amsfonts/cm/cmmi8.pfb><C:/Users/alexn/AppData/Local/
Programs/MiKTeX/fonts/type1/public/amsfonts/cm/cmr10.pfb><C:/Users/alexn/AppDat
a/Local/Programs/MiKTeX/fonts/type1/public/amsfonts/cm/cmr12.pfb><C:/Users/alex
n/AppData/Local/Programs/MiKTeX/fonts/type1/public/amsfonts/cm/cmr17.pfb><C:/Us
ers/alexn/AppData/Local/Programs/MiKTeX/fonts/type1/public/amsfonts/cm/cmr8.pfb
><C:/Users/alexn/AppData/Local/Programs/MiKTeX/fonts/type1/public/amsfonts/cm/c
msy10.pfb><C:/Users/alexn/AppData/Local/Programs/MiKTeX/fonts/type1/public/amsf
onts/cm/cmsy8.pfb><C:/Users/alexn/AppData/Local/Programs/MiKTeX/fonts/type1/pub
lic/amsfonts/cm/cmti12.pfb><C:/Users/alexn/AppData/Local/Programs/MiKTeX/fonts/
type1/public/amsfonts/cm/cmtt12.pfb>
Output written on "Code Explanation.pdf" (57 pages, 1520476 bytes).
PDF statistics:
 2504 PDF objects out of 2984 (max. 8388607)
 1737 named destinations out of 2073 (max. 500000)
 392 words of extra memory for PDF output out of 10000 (max. 10000000)

