\BOOKMARK [0][-]{part.1}{\376\377\000I\000\040\000A\000n\000a\000l\000y\000s\000i\000s}{}% 1
\BOOKMARK [1][-]{section.1}{\376\377\000R\000e\000s\000e\000a\000r\000c\000h}{part.1}% 2
\BOOKMARK [1][-]{section.2}{\376\377\000E\000x\000a\000m\000p\000l\000e\000s\000\040\000o\000f\000\040\000M\000a\000z\000e\000\040\000G\000a\000m\000e\000s}{part.1}% 3
\BOOKMARK [1][-]{section.3}{\376\377\000O\000b\000j\000e\000c\000t\000i\000v\000e\000\040\000O\000u\000t\000l\000i\000n\000e}{part.1}% 4
\BOOKMARK [0][-]{part.2}{\376\377\000I\000I\000\040\000D\000o\000c\000u\000m\000e\000n\000t\000e\000d\000\040\000D\000e\000s\000i\000g\000n}{}% 5
\BOOKMARK [1][-]{section.4}{\376\377\000P\000r\000o\000g\000r\000a\000m\000\040\000S\000t\000r\000u\000c\000t\000u\000r\000e\000\040\000O\000v\000e\000r\000v\000i\000e\000w\000\040\000D\000i\000a\000g\000r\000a\000m}{part.2}% 6
\BOOKMARK [1][-]{section.5}{\376\377\000D\000a\000t\000a\000b\000a\000s\000e\000\040\000D\000i\000a\000g\000r\000a\000m\000s}{part.2}% 7
\BOOKMARK [1][-]{section.6}{\376\377\000C\000l\000a\000s\000s\000\040\000D\000i\000a\000g\000r\000a\000m\000s}{part.2}% 8
\BOOKMARK [1][-]{section.7}{\376\377\000A\000l\000g\000o\000r\000i\000t\000h\000m\000s}{part.2}% 9
\BOOKMARK [1][-]{section.8}{\376\377\000D\000a\000t\000a\000\040\000S\000t\000r\000u\000c\000t\000u\000r\000e\000s}{part.2}% 10
\BOOKMARK [1][-]{section.9}{\376\377\000G\000.\000U\000.\000I\000\040}{part.2}% 11
\BOOKMARK [0][-]{part.3}{\376\377\000I\000I\000I\000\040\000F\000u\000l\000l\000\040\000C\000o\000d\000e\000\040\000b\000r\000e\000a\000k\000d\000o\000w\000n\000\040\000b\000y\000\040\000F\000u\000n\000c\000t\000i\000o\000n}{}% 12
\BOOKMARK [1][-]{section.10}{\376\377\000m\000a\000i\000n\000.\000p\000y}{part.3}% 13
\BOOKMARK [1][-]{section.11}{\376\377\000M\000a\000z\000e\000D\000a\000t\000a\000b\000a\000s\000e\000.\000p\000y}{part.3}% 14
\BOOKMARK [1][-]{section.12}{\376\377\000M\000a\000z\000e\000G\000e\000n\000e\000r\000a\000t\000i\000o\000n\000N\000e\000w\000.\000p\000y}{part.3}% 15
\BOOKMARK [1][-]{section.13}{\376\377\000W\000i\000n\000d\000o\000w\000.\000p\000y}{part.3}% 16
\BOOKMARK [1][-]{section.14}{\376\377\000M\000a\000z\000e\000R\000e\000n\000d\000e\000r\000e\000r\000N\000e\000w\000.\000p\000y}{part.3}% 17
\BOOKMARK [0][-]{part.4}{\376\377\000I\000V\000\040\000T\000e\000s\000t\000i\000n\000g}{}% 18
\BOOKMARK [1][-]{section.15}{\376\377\000F\000a\000i\000l\000e\000d\000\040\000t\000e\000s\000t\000s\000/\000i\000s\000s\000u\000e\000s\000\040\000a\000n\000d\000\040\000f\000i\000x\000e\000s}{part.4}% 19
\BOOKMARK [1][-]{section.16}{\376\377\000T\000e\000s\000t\000\040\000T\000a\000b\000l\000e\000\040\000\050\000P\000o\000s\000t\000-\000D\000e\000v\000e\000l\000o\000p\000m\000e\000n\000t\000\051}{part.4}% 20
\BOOKMARK [0][-]{part.5}{\376\377\000V\000\040\000N\000e\000w\000\040\000E\000v\000a\000l\000u\000a\000t\000i\000o\000n}{}% 21
\BOOKMARK [1][-]{section.17}{\376\377\000W\000e\000r\000e\000\040\000t\000h\000e\000\040\000o\000b\000j\000e\000c\000t\000i\000v\000e\000s\000\040\000m\000e\000t\000?}{part.5}% 22
\BOOKMARK [1][-]{section.18}{\376\377\000I\000s\000\040\000t\000h\000e\000\040\000f\000e\000e\000d\000b\000a\000c\000k\000\040\000f\000r\000o\000m\000\040\000p\000o\000t\000e\000n\000t\000i\000a\000l\000\040\000u\000s\000e\000r\000s\000\040\000m\000e\000t\000?}{part.5}% 23
\BOOKMARK [1][-]{section.19}{\376\377\000W\000h\000a\000t\000\040\000h\000a\000v\000e\000\040\000I\000\040\000l\000e\000a\000r\000n\000t\000?\000/\000W\000h\000a\000t\000\040\000c\000o\000u\000l\000d\000\040\000I\000\040\000d\000o\000\040\000b\000e\000t\000t\000e\000r\000\040\000n\000e\000x\000t\000\040\000t\000i\000m\000e\000?}{part.5}% 24
\BOOKMARK [1][-]{section.20}{\376\377\000C\000o\000n\000c\000l\000u\000s\000i\000o\000n}{part.5}% 25
\BOOKMARK [0][-]{part.6}{\376\377\000V\000I\000\040\000A\000p\000p\000e\000n\000d\000i\000x}{}% 26
\BOOKMARK [1][-]{section.21}{\376\377\000m\000a\000i\000n\000.\000p\000y}{part.6}% 27
\BOOKMARK [1][-]{section.22}{\376\377\000M\000a\000z\000e\000D\000a\000t\000a\000b\000a\000s\000e\000.\000p\000y}{part.6}% 28
\BOOKMARK [1][-]{section.23}{\376\377\000M\000a\000z\000e\000G\000e\000n\000e\000r\000a\000t\000i\000o\000n\000N\000e\000w\000.\000p\000y}{part.6}% 29
\BOOKMARK [1][-]{section.24}{\376\377\000W\000i\000n\000d\000o\000w\000.\000p\000y}{part.6}% 30
\BOOKMARK [1][-]{section.25}{\376\377\000M\000a\000z\000e\000R\000e\000n\000d\000e\000r\000e\000r\000N\000e\000w\000.\000p\000y}{part.6}% 31
\BOOKMARK [1][-]{section.26}{\376\377\000E\000x\000t\000e\000r\000n\000a\000l\000\040\000L\000i\000b\000r\000a\000r\000i\000e\000s\000\040\000i\000n\000s\000t\000a\000l\000l\000a\000t\000i\000o\000n\000\040\000g\000u\000i\000d\000e}{part.6}% 32
